[2023-06-03 18:37:51.928] [info] Checking for update
[2023-06-03 18:37:52.245] [info] Error reading /home/gyaf/.config/notion-app/cookies.json {
  constructor: 'Error',
  errno: -2,
  syscall: 'open',
  code: 'ENOENT',
  path: '/home/gyaf/.config/notion-app/cookies.json',
  stack: "Error: /home/gyaf/.config/notion-app/cookies.json: ENOENT: no such file or directory, open '/home/gyaf/.config/notion-app/cookies.json'\n" +
    '    at Object.openSync (fs.js:466:3)\n' +
    '    at Object.func [as openSync] (electron/js2c/asar_bundle.js:5:1812)\n' +
    '    at Object.readFileSync (fs.js:368:35)\n' +
    '    at Object.e.readFileSync (electron/js2c/asar_bundle.js:5:8592)\n' +
    '    at Object.readFileSync (/opt/Notion/resources/app.asar/node_modules/jsonfile/index.js:61:22)\n' +
    '    at JsonStore.loadSync (/opt/Notion/resources/app.asar/main/JsonStore.js:38:44)\n' +
    '    at new JsonStore (/opt/Notion/resources/app.asar/main/JsonStore.js:15:14)\n' +
    '    at Object.<anonymous> (/opt/Notion/resources/app.asar/main/schemeHandler.js:37:25)\n' +
    '    at Module._compile (internal/modules/cjs/loader.js:1152:30)\n' +
    '    at Object.Module._extensions..js (internal/modules/cjs/loader.js:1173:10)'
}
[2023-06-03 18:37:53.919] [info] {
  level: 'info',
  from: 'AssetCache',
  type: 'latestVersionPath',
  data: {
    message: 'latestVersion.json path /home/gyaf/.config/notion-app/notionAssetCache-v2/latestVersion.json'
  }
}
[2023-06-03 18:37:53.937] [error] Error: Error: ENOENT: no such file or directory, open '/opt/Notion/resources/app-update.yml'
[2023-06-03 18:37:53.938] [info] {
  level: 'info',
  from: 'autoUpdater',
  type: 'unsupportedLinuxApp',
  error: {
    name: 'Error',
    message: "ENOENT: no such file or directory, open '/opt/Notion/resources/app-update.yml'",
    stack: "Error: ENOENT: no such file or directory, open '/opt/Notion/resources/app-update.yml'"
  }
}
[2023-06-03 18:37:53.940] [info] {
  level: 'info',
  from: 'AssetCache',
  type: 'errorReadingPath',
  error: {
    name: 'Error',
    message: "ENOENT: no such file or directory, open '/home/gyaf/.config/notion-app/notionAssetCache-v2/latestVersion.json'",
    stack: "Error: ENOENT: no such file or directory, open '/home/gyaf/.config/notion-app/notionAssetCache-v2/latestVersion.json'"
  },
  data: {
    message: 'Error reading /home/gyaf/.config/notion-app/notionAssetCache-v2/latestVersion.json'
  }
}
[2023-06-03 18:37:53.941] [info] {
  level: 'info',
  from: 'AssetCache',
  type: 'currentVersionLoaded',
  data: {}
}
[2023-06-03 18:37:53.941] [info] {
  level: 'info',
  from: 'AssetCache',
  type: 'syncVersionEmptyLatestVersion'
}
[2023-06-03 18:37:53.942] [info] {
  level: 'info',
  from: 'AssetCache',
  type: 'currentSyncedAssetsJson',
  data: {}
}
[2023-06-03 18:37:54.702] [info] {
  level: 'info',
  from: 'AssetCache',
  type: 'appUpdateAvailable',
  data: { version: '23.12.0.122' }
}
[2023-06-03 18:38:08.471] [info] { level: 'info', from: 'AssetCache', type: 'checkingForAppUpdate2' }
[2023-06-03 18:38:08.472] [info] {
  level: 'info',
  from: 'AssetCache',
  type: 'appUpdateDownloadComplete',
  data: { version: '23.12.0.122' }
}
[2023-06-03 18:38:08.477] [info] {
  level: 'info',
  from: 'AssetCache',
  type: 'installingAppUpdate',
  data: { version: '23.12.0.122' }
}
[2023-06-03 18:48:08.484] [info] { level: 'info', from: 'AssetCache', type: 'checkingForAppUpdate' }
[2023-06-03 18:48:08.763] [info] { level: 'info', from: 'AssetCache', type: 'noAppUpdateAvailable2' }
[2023-06-03 18:49:00.211] [info] Checking for update
[2023-06-03 18:49:01.038] [info] {
  level: 'info',
  from: 'AssetCache',
  type: 'latestVersionPath',
  data: {
    message: 'latestVersion.json path /home/gyaf/.config/notion-app/notionAssetCache-v2/latestVersion.json'
  }
}
[2023-06-03 18:49:01.046] [error] Error: Error: ENOENT: no such file or directory, open '/opt/Notion/resources/app-update.yml'
[2023-06-03 18:49:01.048] [info] {
  level: 'info',
  from: 'autoUpdater',
  type: 'unsupportedLinuxApp',
  error: {
    name: 'Error',
    message: "ENOENT: no such file or directory, open '/opt/Notion/resources/app-update.yml'",
    stack: "Error: ENOENT: no such file or directory, open '/opt/Notion/resources/app-update.yml'"
  }
}
[2023-06-03 18:49:01.068] [info] {
  level: 'info',
  from: 'AssetCache',
  type: 'currentVersionLoaded',
  data: { version: '23.12.0.122', hash: 'd83d69c1a990955baeb0f5ba4215d18e' }
}
[2023-06-03 18:49:01.069] [info] {
  level: 'info',
  from: 'AssetCache',
  type: 'syncVersions',
  data: {
    message: 'Sync versions: assets.json path /home/gyaf/.config/notion-app/notionAssetCache-v2/23.12.0.122/assets.json headers.json path /home/gyaf/.config/notion-app/notionAssetCache-v2/23.12.0.122/headers.json'
  }
}
[2023-06-03 18:49:01.112] [info] {
  level: 'info',
  from: 'AssetCache',
  type: 'currentSyncedAssetsJson',
  data: { version: '23.12.0.122' }
}
[2023-06-03 18:58:08.832] [info] { level: 'info', from: 'AssetCache', type: 'checkingForAppUpdate' }
[2023-06-03 18:58:09.688] [info] { level: 'info', from: 'AssetCache', type: 'noAppUpdateAvailable2' }
[2023-06-03 19:08:09.690] [info] { level: 'info', from: 'AssetCache', type: 'checkingForAppUpdate' }
[2023-06-03 19:08:10.015] [info] { level: 'info', from: 'AssetCache', type: 'noAppUpdateAvailable2' }
[2023-06-03 19:13:59.459] [info] Quitting...
[2023-06-03 19:13:59.460] [info] Killing child process
